app/build/outputs/logs/manifest-merger-debug-report.txt
-- Merging decision tree log ---
manifest
ADDED from src/main/AndroidManifest.xml:2:1-38:12
	xmlns:android
		ADDED from src/main/AndroidManifest.xml:2:11-69
	package
		ADDED from src/main/AndroidManifest.xml:3:5-35
		INJECTED from src/main/AndroidManifest.xml
		INJECTED from src/main/AndroidManifest.xml
	android:versionName
		INJECTED from src/main/AndroidManifest.xml
		INJECTED from src/main/AndroidManifest.xml
	android:versionCode
		INJECTED from src/main/AndroidManifest.xml
		INJECTED from src/main/AndroidManifest.xml
uses-sdk
ADDED from src/main/AndroidManifest.xml:5:5-7:41
MERGED from [com.android.support:appcompat-v7:21.0.3] AndroidManifest.xml:15:5-42
MERGED from [com.android.support:support-v4:22.0.0] AndroidManifest.xml:20:5-43
MERGED from [com.google.android.gms:play-services:7.0.0] AndroidManifest.xml:18:5-42
MERGED from [com.google.android.gms:play-services-ads:7.0.0] AndroidManifest.xml:18:5-42
MERGED from [com.google.android.gms:play-services-base:7.0.0] AndroidManifest.xml:18:5-42
MERGED from [com.android.support:support-v4:22.0.0] AndroidManifest.xml:20:5-43
MERGED from [com.google.android.gms:play-services-analytics:7.0.0] AndroidManifest.xml:18:5-42
MERGED from [com.google.android.gms:play-services-base:7.0.0] AndroidManifest.xml:18:5-42
MERGED from [com.android.support:support-v4:22.0.0] AndroidManifest.xml:20:5-43
MERGED from [com.google.android.gms:play-services-analytics:7.0.0] AndroidManifest.xml:18:5-42
MERGED from [com.google.android.gms:play-services-base:7.0.0] AndroidManifest.xml:18:5-42
MERGED from [com.android.support:support-v4:22.0.0] AndroidManifest.xml:20:5-43
MERGED from [com.google.android.gms:play-services-appindexing:7.0.0] AndroidManifest.xml:18:5-42
MERGED from [com.google.android.gms:play-services-base:7.0.0] AndroidManifest.xml:18:5-42
MERGED from [com.android.support:support-v4:22.0.0] AndroidManifest.xml:20:5-43
MERGED from [com.google.android.gms:play-services-appstate:7.0.0] AndroidManifest.xml:18:5-42
MERGED from [com.google.android.gms:play-services-base:7.0.0] AndroidManifest.xml:18:5-42
MERGED from [com.android.support:support-v4:22.0.0] AndroidManifest.xml:20:5-43
MERGED from [com.google.android.gms:play-services-base:7.0.0] AndroidManifest.xml:18:5-42
MERGED from [com.android.support:support-v4:22.0.0] AndroidManifest.xml:20:5-43
MERGED from [com.google.android.gms:play-services-cast:7.0.0] AndroidManifest.xml:18:5-42
MERGED from [com.google.android.gms:play-services-base:7.0.0] AndroidManifest.xml:18:5-42
MERGED from [com.android.support:support-v4:22.0.0] AndroidManifest.xml:20:5-43
MERGED from [com.google.android.gms:play-services-drive:7.0.0] AndroidManifest.xml:18:5-42
MERGED from [com.google.android.gms:play-services-base:7.0.0] AndroidManifest.xml:18:5-42
MERGED from [com.android.support:support-v4:22.0.0] AndroidManifest.xml:20:5-43
MERGED from [com.google.android.gms:play-services-fitness:7.0.0] AndroidManifest.xml:18:5-42
MERGED from [com.google.android.gms:play-services-base:7.0.0] AndroidManifest.xml:18:5-42
MERGED from [com.android.support:support-v4:22.0.0] AndroidManifest.xml:20:5-43
MERGED from [com.google.android.gms:play-services-location:7.0.0] AndroidManifest.xml:18:5-42
MERGED from [com.google.android.gms:play-services-base:7.0.0] AndroidManifest.xml:18:5-42
MERGED from [com.android.support:support-v4:22.0.0] AndroidManifest.xml:20:5-43
MERGED from [com.google.android.gms:play-services-maps:7.0.0] AndroidManifest.xml:18:5-42
MERGED from [com.google.android.gms:play-services-base:7.0.0] AndroidManifest.xml:18:5-42
MERGED from [com.android.support:support-v4:22.0.0] AndroidManifest.xml:20:5-43
MERGED from [com.google.android.gms:play-services-games:7.0.0] AndroidManifest.xml:18:5-42
MERGED from [com.google.android.gms:play-services-base:7.0.0] AndroidManifest.xml:18:5-42
MERGED from [com.android.support:support-v4:22.0.0] AndroidManifest.xml:20:5-43
MERGED from [com.google.android.gms:play-services-drive:7.0.0] AndroidManifest.xml:18:5-42
MERGED from [com.google.android.gms:play-services-base:7.0.0] AndroidManifest.xml:18:5-42
MERGED from [com.android.support:support-v4:22.0.0] AndroidManifest.xml:20:5-43
MERGED from [com.google.android.gms:play-services-gcm:7.0.0] AndroidManifest.xml:18:5-42
MERGED from [com.google.android.gms:play-services-base:7.0.0] AndroidManifest.xml:18:5-42
MERGED from [com.android.support:support-v4:22.0.0] AndroidManifest.xml:20:5-43
MERGED from [com.google.android.gms:play-services-identity:7.0.0] AndroidManifest.xml:18:5-42
MERGED from [com.google.android.gms:play-services-base:7.0.0] AndroidManifest.xml:18:5-42
MERGED from [com.android.support:support-v4:22.0.0] AndroidManifest.xml:20:5-43
MERGED from [com.google.android.gms:play-services-location:7.0.0] AndroidManifest.xml:18:5-42
MERGED from [com.google.android.gms:play-services-base:7.0.0] AndroidManifest.xml:18:5-42
MERGED from [com.android.support:support-v4:22.0.0] AndroidManifest.xml:20:5-43
MERGED from [com.google.android.gms:play-services-maps:7.0.0] AndroidManifest.xml:18:5-42
MERGED from [com.google.android.gms:play-services-base:7.0.0] AndroidManifest.xml:18:5-42
MERGED from [com.android.support:support-v4:22.0.0] AndroidManifest.xml:20:5-43
MERGED from [com.google.android.gms:play-services-maps:7.0.0] AndroidManifest.xml:18:5-42
MERGED from [com.google.android.gms:play-services-base:7.0.0] AndroidManifest.xml:18:5-42
MERGED from [com.android.support:support-v4:22.0.0] AndroidManifest.xml:20:5-43
MERGED from [com.google.android.gms:play-services-nearby:7.0.0] AndroidManifest.xml:18:5-42
MERGED from [com.google.android.gms:play-services-base:7.0.0] AndroidManifest.xml:18:5-42
MERGED from [com.android.support:support-v4:22.0.0] AndroidManifest.xml:20:5-43
MERGED from [com.google.android.gms:play-services-panorama:7.0.0] AndroidManifest.xml:18:5-42
MERGED from [com.google.android.gms:play-services-base:7.0.0] AndroidManifest.xml:18:5-42
MERGED from [com.android.support:support-v4:22.0.0] AndroidManifest.xml:20:5-43
MERGED from [com.google.android.gms:play-services-plus:7.0.0] AndroidManifest.xml:18:5-42
MERGED from [com.google.android.gms:play-services-base:7.0.0] AndroidManifest.xml:18:5-42
MERGED from [com.android.support:support-v4:22.0.0] AndroidManifest.xml:20:5-43
MERGED from [com.google.android.gms:play-services-safetynet:7.0.0] AndroidManifest.xml:18:5-42
MERGED from [com.google.android.gms:play-services-base:7.0.0] AndroidManifest.xml:18:5-42
MERGED from [com.android.support:support-v4:22.0.0] AndroidManifest.xml:20:5-43
MERGED from [com.google.android.gms:play-services-wallet:7.0.0] AndroidManifest.xml:18:5-42
MERGED from [com.google.android.gms:play-services-base:7.0.0] AndroidManifest.xml:18:5-42
MERGED from [com.android.support:support-v4:22.0.0] AndroidManifest.xml:20:5-43
MERGED from [com.google.android.gms:play-services-identity:7.0.0] AndroidManifest.xml:18:5-42
MERGED from [com.google.android.gms:play-services-base:7.0.0] AndroidManifest.xml:18:5-42
MERGED from [com.android.support:support-v4:22.0.0] AndroidManifest.xml:20:5-43
MERGED from [com.google.android.gms:play-services-maps:7.0.0] AndroidManifest.xml:18:5-42
MERGED from [com.google.android.gms:play-services-base:7.0.0] AndroidManifest.xml:18:5-42
MERGED from [com.android.support:support-v4:22.0.0] AndroidManifest.xml:20:5-43
MERGED from [com.google.android.gms:play-services-wearable:7.0.0] AndroidManifest.xml:18:5-42
MERGED from [com.google.android.gms:play-services-base:7.0.0] AndroidManifest.xml:18:5-42
MERGED from [com.android.support:support-v4:22.0.0] AndroidManifest.xml:20:5-43
	android:targetSdkVersion
		ADDED from src/main/AndroidManifest.xml:7:9-38
		INJECTED from src/main/AndroidManifest.xml
		INJECTED from src/main/AndroidManifest.xml
	android:minSdkVersion
		ADDED from src/main/AndroidManifest.xml:6:9-35
		INJECTED from src/main/AndroidManifest.xml
		INJECTED from src/main/AndroidManifest.xml
uses-permission#android.permission.READ_PHONE_STATE
ADDED from src/main/AndroidManifest.xml:8:5-75
	android:name
		ADDED from src/main/AndroidManifest.xml:8:22-72
uses-permission#android.permission.READ_EXTERNAL_STORAGE
ADDED from src/main/AndroidManifest.xml:9:5-11:38
	android:maxSdkVersion
		ADDED from src/main/AndroidManifest.xml:11:9-35
	android:name
		ADDED from src/main/AndroidManifest.xml:10:9-64
application
ADDED from src/main/AndroidManifest.xml:13:5-36:19
MERGED from [com.android.support:appcompat-v7:21.0.3] AndroidManifest.xml:16:5-19
MERGED from [com.android.support:support-v4:22.0.0] AndroidManifest.xml:22:5-20
MERGED from [com.google.android.gms:play-services:7.0.0] AndroidManifest.xml:19:5-20
MERGED from [com.google.android.gms:play-services-ads:7.0.0] AndroidManifest.xml:19:5-20
MERGED from [com.google.android.gms:play-services-base:7.0.0] AndroidManifest.xml:20:5-24:19
MERGED from [com.android.support:support-v4:22.0.0] AndroidManifest.xml:22:5-20
MERGED from [com.google.android.gms:play-services-analytics:7.0.0] AndroidManifest.xml:19:5-20
MERGED from [com.google.android.gms:play-services-base:7.0.0] AndroidManifest.xml:20:5-24:19
MERGED from [com.android.support:support-v4:22.0.0] AndroidManifest.xml:22:5-20
MERGED from [com.google.android.gms:play-services-analytics:7.0.0] AndroidManifest.xml:19:5-20
MERGED from [com.google.android.gms:play-services-base:7.0.0] AndroidManifest.xml:20:5-24:19
MERGED from [com.android.support:support-v4:22.0.0] AndroidManifest.xml:22:5-20
MERGED from [com.google.android.gms:play-services-appindexing:7.0.0] AndroidManifest.xml:19:5-20
MERGED from [com.google.android.gms:play-services-base:7.0.0] AndroidManifest.xml:20:5-24:19
MERGED from [com.android.support:support-v4:22.0.0] AndroidManifest.xml:22:5-20
MERGED from [com.google.android.gms:play-services-appstate:7.0.0] AndroidManifest.xml:19:5-20
MERGED from [com.google.android.gms:play-services-base:7.0.0] AndroidManifest.xml:20:5-24:19
MERGED from [com.android.support:support-v4:22.0.0] AndroidManifest.xml:22:5-20
MERGED from [com.google.android.gms:play-services-base:7.0.0] AndroidManifest.xml:20:5-24:19
MERGED from [com.android.support:support-v4:22.0.0] AndroidManifest.xml:22:5-20
MERGED from [com.google.android.gms:play-services-cast:7.0.0] AndroidManifest.xml:19:5-20
MERGED from [com.google.android.gms:play-services-base:7.0.0] AndroidManifest.xml:20:5-24:19
MERGED from [com.android.support:support-v4:22.0.0] AndroidManifest.xml:22:5-20
MERGED from [com.google.android.gms:play-services-drive:7.0.0] AndroidManifest.xml:19:5-20
MERGED from [com.google.android.gms:play-services-base:7.0.0] AndroidManifest.xml:20:5-24:19
MERGED from [com.android.support:support-v4:22.0.0] AndroidManifest.xml:22:5-20
MERGED from [com.google.android.gms:play-services-fitness:7.0.0] AndroidManifest.xml:19:5-20
MERGED from [com.google.android.gms:play-services-base:7.0.0] AndroidManifest.xml:20:5-24:19
MERGED from [com.android.support:support-v4:22.0.0] AndroidManifest.xml:22:5-20
MERGED from [com.google.android.gms:play-services-location:7.0.0] AndroidManifest.xml:19:5-20
MERGED from [com.google.android.gms:play-services-base:7.0.0] AndroidManifest.xml:20:5-24:19
MERGED from [com.android.support:support-v4:22.0.0] AndroidManifest.xml:22:5-20
MERGED from [com.google.android.gms:play-services-maps:7.0.0] AndroidManifest.xml:19:5-20
MERGED from [com.google.android.gms:play-services-base:7.0.0] AndroidManifest.xml:20:5-24:19
MERGED from [com.android.support:support-v4:22.0.0] AndroidManifest.xml:22:5-20
MERGED from [com.google.android.gms:play-services-games:7.0.0] AndroidManifest.xml:19:5-20
MERGED from [com.google.android.gms:play-services-base:7.0.0] AndroidManifest.xml:20:5-24:19
MERGED from [com.android.support:support-v4:22.0.0] AndroidManifest.xml:22:5-20
MERGED from [com.google.android.gms:play-services-drive:7.0.0] AndroidManifest.xml:19:5-20
MERGED from [com.google.android.gms:play-services-base:7.0.0] AndroidManifest.xml:20:5-24:19
MERGED from [com.android.support:support-v4:22.0.0] AndroidManifest.xml:22:5-20
MERGED from [com.google.android.gms:play-services-gcm:7.0.0] AndroidManifest.xml:19:5-20
MERGED from [com.google.android.gms:play-services-base:7.0.0] AndroidManifest.xml:20:5-24:19
MERGED from [com.android.support:support-v4:22.0.0] AndroidManifest.xml:22:5-20
MERGED from [com.google.android.gms:play-services-identity:7.0.0] AndroidManifest.xml:19:5-20
MERGED from [com.google.android.gms:play-services-base:7.0.0] AndroidManifest.xml:20:5-24:19
MERGED from [com.android.support:support-v4:22.0.0] AndroidManifest.xml:22:5-20
MERGED from [com.google.android.gms:play-services-location:7.0.0] AndroidManifest.xml:19:5-20
MERGED from [com.google.android.gms:play-services-base:7.0.0] AndroidManifest.xml:20:5-24:19
MERGED from [com.android.support:support-v4:22.0.0] AndroidManifest.xml:22:5-20
MERGED from [com.google.android.gms:play-services-maps:7.0.0] AndroidManifest.xml:19:5-20
MERGED from [com.google.android.gms:play-services-base:7.0.0] AndroidManifest.xml:20:5-24:19
MERGED from [com.android.support:support-v4:22.0.0] AndroidManifest.xml:22:5-20
MERGED from [com.google.android.gms:play-services-maps:7.0.0] AndroidManifest.xml:19:5-20
MERGED from [com.google.android.gms:play-services-base:7.0.0] AndroidManifest.xml:20:5-24:19
MERGED from [com.android.support:support-v4:22.0.0] AndroidManifest.xml:22:5-20
MERGED from [com.google.android.gms:play-services-nearby:7.0.0] AndroidManifest.xml:19:5-20
MERGED from [com.google.android.gms:play-services-base:7.0.0] AndroidManifest.xml:20:5-24:19
MERGED from [com.android.support:support-v4:22.0.0] AndroidManifest.xml:22:5-20
MERGED from [com.google.android.gms:play-services-panorama:7.0.0] AndroidManifest.xml:19:5-20
MERGED from [com.google.android.gms:play-services-base:7.0.0] AndroidManifest.xml:20:5-24:19
MERGED from [com.android.support:support-v4:22.0.0] AndroidManifest.xml:22:5-20
MERGED from [com.google.android.gms:play-services-plus:7.0.0] AndroidManifest.xml:19:5-20
MERGED from [com.google.android.gms:play-services-base:7.0.0] AndroidManifest.xml:20:5-24:19
MERGED from [com.android.support:support-v4:22.0.0] AndroidManifest.xml:22:5-20
MERGED from [com.google.android.gms:play-services-safetynet:7.0.0] AndroidManifest.xml:19:5-20
MERGED from [com.google.android.gms:play-services-base:7.0.0] AndroidManifest.xml:20:5-24:19
MERGED from [com.android.support:support-v4:22.0.0] AndroidManifest.xml:22:5-20
MERGED from [com.google.android.gms:play-services-wallet:7.0.0] AndroidManifest.xml:19:5-20
MERGED from [com.google.android.gms:play-services-base:7.0.0] AndroidManifest.xml:20:5-24:19
MERGED from [com.android.support:support-v4:22.0.0] AndroidManifest.xml:22:5-20
MERGED from [com.google.android.gms:play-services-identity:7.0.0] AndroidManifest.xml:19:5-20
MERGED from [com.google.android.gms:play-services-base:7.0.0] AndroidManifest.xml:20:5-24:19
MERGED from [com.android.support:support-v4:22.0.0] AndroidManifest.xml:22:5-20
MERGED from [com.google.android.gms:play-services-maps:7.0.0] AndroidManifest.xml:19:5-20
MERGED from [com.google.android.gms:play-services-base:7.0.0] AndroidManifest.xml:20:5-24:19
MERGED from [com.android.support:support-v4:22.0.0] AndroidManifest.xml:22:5-20
MERGED from [com.google.android.gms:play-services-wearable:7.0.0] AndroidManifest.xml:19:5-20
MERGED from [com.google.android.gms:play-services-base:7.0.0] AndroidManifest.xml:20:5-24:19
MERGED from [com.android.support:support-v4:22.0.0] AndroidManifest.xml:22:5-20
	android:label
		ADDED from src/main/AndroidManifest.xml:16:9-41
	android:allowBackup
		ADDED from src/main/AndroidManifest.xml:14:9-35
	android:icon
		ADDED from src/main/AndroidManifest.xml:15:9-43
	android:theme
		ADDED from src/main/AndroidManifest.xml:17:9-40
meta-data#com.google.android.gms.version
ADDED from src/main/AndroidManifest.xml:18:9-20:69
MERGED from [com.google.android.gms:play-services-base:7.0.0] AndroidManifest.xml:21:9-23:69
MERGED from [com.google.android.gms:play-services-base:7.0.0] AndroidManifest.xml:21:9-23:69
MERGED from [com.google.android.gms:play-services-base:7.0.0] AndroidManifest.xml:21:9-23:69
MERGED from [com.google.android.gms:play-services-base:7.0.0] AndroidManifest.xml:21:9-23:69
MERGED from [com.google.android.gms:play-services-base:7.0.0] AndroidManifest.xml:21:9-23:69
MERGED from [com.google.android.gms:play-services-base:7.0.0] AndroidManifest.xml:21:9-23:69
MERGED from [com.google.android.gms:play-services-base:7.0.0] AndroidManifest.xml:21:9-23:69
MERGED from [com.google.android.gms:play-services-base:7.0.0] AndroidManifest.xml:21:9-23:69
MERGED from [com.google.android.gms:play-services-base:7.0.0] AndroidManifest.xml:21:9-23:69
MERGED from [com.google.android.gms:play-services-base:7.0.0] AndroidManifest.xml:21:9-23:69
MERGED from [com.google.android.gms:play-services-base:7.0.0] AndroidManifest.xml:21:9-23:69
MERGED from [com.google.android.gms:play-services-base:7.0.0] AndroidManifest.xml:21:9-23:69
MERGED from [com.google.android.gms:play-services-base:7.0.0] AndroidManifest.xml:21:9-23:69
MERGED from [com.google.android.gms:play-services-base:7.0.0] AndroidManifest.xml:21:9-23:69
MERGED from [com.google.android.gms:play-services-base:7.0.0] AndroidManifest.xml:21:9-23:69
MERGED from [com.google.android.gms:play-services-base:7.0.0] AndroidManifest.xml:21:9-23:69
MERGED from [com.google.android.gms:play-services-base:7.0.0] AndroidManifest.xml:21:9-23:69
MERGED from [com.google.android.gms:play-services-base:7.0.0] AndroidManifest.xml:21:9-23:69
MERGED from [com.google.android.gms:play-services-base:7.0.0] AndroidManifest.xml:21:9-23:69
MERGED from [com.google.android.gms:play-services-base:7.0.0] AndroidManifest.xml:21:9-23:69
MERGED from [com.google.android.gms:play-services-base:7.0.0] AndroidManifest.xml:21:9-23:69
MERGED from [com.google.android.gms:play-services-base:7.0.0] AndroidManifest.xml:21:9-23:69
MERGED from [com.google.android.gms:play-services-base:7.0.0] AndroidManifest.xml:21:9-23:69
MERGED from [com.google.android.gms:play-services-base:7.0.0] AndroidManifest.xml:21:9-23:69
MERGED from [com.google.android.gms:play-services-base:7.0.0] AndroidManifest.xml:21:9-23:69
MERGED from [com.google.android.gms:play-services-base:7.0.0] AndroidManifest.xml:21:9-23:69
	android:name
		ADDED from src/main/AndroidManifest.xml:19:13-58
	android:value
		ADDED from src/main/AndroidManifest.xml:20:13-66
activity#com.segfault.mytempo.MainActivity
ADDED from src/main/AndroidManifest.xml:22:9-31:20
	android:screenOrientation
		ADDED from src/main/AndroidManifest.xml:25:13-49
	android:label
		ADDED from src/main/AndroidManifest.xml:24:13-45
	android:name
		ADDED from src/main/AndroidManifest.xml:23:13-41
intent-filter#android.intent.action.MAIN+android.intent.category.LAUNCHER
ADDED from src/main/AndroidManifest.xml:26:13-30:29
action#android.intent.action.MAIN
ADDED from src/main/AndroidManifest.xml:27:17-69
	android:name
		ADDED from src/main/AndroidManifest.xml:27:25-66
category#android.intent.category.LAUNCHER
ADDED from src/main/AndroidManifest.xml:29:17-77
	android:name
		ADDED from src/main/AndroidManifest.xml:29:27-74
activity#com.segfault.mytempo.AboutActivity
ADDED from src/main/AndroidManifest.xml:32:9-35:20
	android:label
		ADDED from src/main/AndroidManifest.xml:34:13-57
	android:name
		ADDED from src/main/AndroidManifest.xml:33:13-42